<?xml version="1.0" encoding="UTF-8"?>
<!-- Generated by org.testng.reporters.JUnitXMLReporter -->
<testsuite ignored="0" hostname="MacbookAir" failures="0" tests="3" name="Default test" time="5.363" errors="0" timestamp="2025-02-13T23:41:25 IST">
  <testcase classname="spotify.oauth2.tests.TC_04_PlayListTests_POJO_API_RestResource" name="createAPIPlayList" time="4.581"/>
  <testcase classname="spotify.oauth2.tests.TC_04_PlayListTests_POJO_API_RestResource" name="getAPIPlayList" time="0.372"/>
  <testcase classname="spotify.oauth2.tests.TC_04_PlayListTests_POJO_API_RestResource" name="updateAPIPlayList" time="0.32"/>
</testsuite> <!-- Default test -->
